<?xml version="1.0" encoding="UTF-8"?>
<!-- Generated by org.testng.reporters.JUnitXMLReporter -->
<testsuite hostname="MSDT066" ignored="4" name="HRMtesting" tests="4" failures="0" timestamp="2022-01-31T19:36:47 IST" time="8.165" errors="0">
  <testcase name="Forgetpass" time="1.108" classname="TestngDemo.LoginTest"/>
  <testcase name="Login" time="5.65" classname="TestngDemo.LoginTest"/>
  <testcase name="Logout" time="1.357" classname="TestngDemo.HomepageTest"/>
  <testcase name="verifypage" time="0.011" classname="TestngDemo.HomepageTest"/>
  <testcase name="@BeforeSuite launch" time="0.0" classname="TestngDemo.TestngDemo">
    <ignored/>
  </testcase> <!-- @BeforeSuite launch -->
  <testcase name="@AfterSuite close" time="0.0" classname="TestngDemo.TestngDemo">
    <ignored/>
  </testcase> <!-- @AfterSuite close -->
  <testcase name="@BeforeSuite launch" time="0.0" classname="TestngDemo.TestngDemo">
    <ignored/>
  </testcase> <!-- @BeforeSuite launch -->
  <testcase name="@AfterSuite close" time="0.0" classname="TestngDemo.TestngDemo">
    <ignored/>
  </testcase> <!-- @AfterSuite close -->
</testsuite> <!-- HRMtesting -->
