<?xml version="1.0" encoding="UTF-8"?>
<!-- Generated by org.testng.reporters.JUnitXMLReporter -->
<testsuite hostname="MSDT066" ignored="0" name="HRMtesting" tests="4" failures="0" timestamp="2022-02-02T16:51:20 IST" time="0.054" errors="0">
  <testcase name="test1" time="0.015" classname="TestngDemo.GroupingTests"/>
  <testcase name="test2" time="0.0" classname="TestngDemo.GroupingTests"/>
  <testcase name="test3" time="0.0" classname="TestngDemo.GroupingTests"/>
  <testcase name="test4" time="0.0" classname="TestngDemo.GroupingTests"/>
</testsuite> <!-- HRMtesting -->
